<?xml version="1.0" encoding="UTF-8"?>
<testng-results ignored="0" total="1" passed="1" failed="0" skipped="0">
  <reporter-output>
  </reporter-output>
  <suite started-at="2024-03-29T20:13:57 IST" name="Default suite" finished-at="2024-03-29T20:15:17 IST" duration-ms="79192">
    <groups>
    </groups>
    <test started-at="2024-03-29T20:13:57 IST" name="Default test" finished-at="2024-03-29T20:15:17 IST" duration-ms="79192">
      <class name="testCases.TC001_ProfileUpdate">
        <test-method is-config="true" signature="applicationSetUp()[pri:0, instance:testCases.TC001_ProfileUpdate@48f2bd5b]" started-at="2024-03-29T20:13:57 IST" name="applicationSetUp" finished-at="2024-03-29T20:14:41 IST" duration-ms="43155" status="PASS">
          <reporter-output>
          </reporter-output>
        </test-method> <!-- applicationSetUp -->
        <test-method signature="loginToApplication()[pri:0, instance:testCases.TC001_ProfileUpdate@48f2bd5b]" started-at="2024-03-29T20:14:41 IST" name="loginToApplication" finished-at="2024-03-29T20:15:17 IST" duration-ms="35995" status="PASS">
          <reporter-output>
          </reporter-output>
        </test-method> <!-- loginToApplication -->
      </class> <!-- testCases.TC001_ProfileUpdate -->
    </test> <!-- Default test -->
  </suite> <!-- Default suite -->
</testng-results>
